This is pdfTeX, Version 3.1415926-1.40.10 (TeX Live 2009/Debian) (format=pdflatex 2013.3.9)  7 MAR 2014 13:58
entering extended mode
 %&-line parsing enabled.
**Atlantic_report.tex
(./Atlantic_report.tex
LaTeX2e <2009/09/24>
Babel <v3.8l> and hyphenation patterns for english, usenglishmax, dumylang, noh
yphenation, loaded.
(/usr/share/texmf-texlive/tex/latex/base/article.cls
Document Class: article 2007/10/19 v1.4h Standard LaTeX document class
(/usr/share/texmf-texlive/tex/latex/base/size12.clo
File: size12.clo 2007/10/19 v1.4h Standard LaTeX file (size option)
)
\c@part=\count79
\c@section=\count80
\c@subsection=\count81
\c@subsubsection=\count82
\c@paragraph=\count83
\c@subparagraph=\count84
\c@figure=\count85
\c@table=\count86
\abovecaptionskip=\skip41
\belowcaptionskip=\skip42
\bibindent=\dimen102
)
(/usr/share/texmf-texlive/tex/latex/base/inputenc.sty
Package: inputenc 2008/03/30 v1.1d Input encoding file
\inpenc@prehook=\toks14
\inpenc@posthook=\toks15

(/usr/share/texmf-texlive/tex/latex/base/latin1.def
File: latin1.def 2008/03/30 v1.1d Input encoding file
))
(/usr/share/texmf-texlive/tex/latex/float/float.sty
Package: float 2001/11/08 v1.3d Float enhancements (AL)
\c@float@type=\count87
\float@exts=\toks16
\float@box=\box26
\@float@everytoks=\toks17
\@floatcapt=\box27
)
(/usr/share/texmf-texlive/tex/latex/amsmath/amsmath.sty
Package: amsmath 2000/07/18 v2.13 AMS math features
\@mathmargin=\skip43

For additional information on amsmath, use the `?' option.
(/usr/share/texmf-texlive/tex/latex/amsmath/amstext.sty
Package: amstext 2000/06/29 v2.01

(/usr/share/texmf-texlive/tex/latex/amsmath/amsgen.sty
File: amsgen.sty 1999/11/30 v2.0
\@emptytoks=\toks18
\ex@=\dimen103
))
(/usr/share/texmf-texlive/tex/latex/amsmath/amsbsy.sty
Package: amsbsy 1999/11/29 v1.2d
\pmbraise@=\dimen104
)
(/usr/share/texmf-texlive/tex/latex/amsmath/amsopn.sty
Package: amsopn 1999/12/14 v2.01 operator names
)
\inf@bad=\count88
LaTeX Info: Redefining \frac on input line 211.
\uproot@=\count89
\leftroot@=\count90
LaTeX Info: Redefining \overline on input line 307.
\classnum@=\count91
\DOTSCASE@=\count92
LaTeX Info: Redefining \ldots on input line 379.
LaTeX Info: Redefining \dots on input line 382.
LaTeX Info: Redefining \cdots on input line 467.
\Mathstrutbox@=\box28
\strutbox@=\box29
\big@size=\dimen105
LaTeX Font Info:    Redeclaring font encoding OML on input line 567.
LaTeX Font Info:    Redeclaring font encoding OMS on input line 568.
\macc@depth=\count93
\c@MaxMatrixCols=\count94
\dotsspace@=\muskip10
\c@parentequation=\count95
\dspbrk@lvl=\count96
\tag@help=\toks19
\row@=\count97
\column@=\count98
\maxfields@=\count99
\andhelp@=\toks20
\eqnshift@=\dimen106
\alignsep@=\dimen107
\tagshift@=\dimen108
\tagwidth@=\dimen109
\totwidth@=\dimen110
\lineht@=\dimen111
\@envbody=\toks21
\multlinegap=\skip44
\multlinetaggap=\skip45
\mathdisplay@stack=\toks22
LaTeX Info: Redefining \[ on input line 2666.
LaTeX Info: Redefining \] on input line 2667.
)
(/usr/share/texmf-texlive/tex/latex/amsfonts/amsfonts.sty
Package: amsfonts 2009/06/22 v3.00 Basic AMSFonts support
\symAMSa=\mathgroup4
\symAMSb=\mathgroup5
LaTeX Font Info:    Overwriting math alphabet `\mathfrak' in version `bold'
(Font)                  U/euf/m/n --> U/euf/b/n on input line 96.
)
(/usr/share/texmf-texlive/tex/latex/amsfonts/amssymb.sty
Package: amssymb 2009/06/22 v3.00
)
(/usr/share/texmf-texlive/tex/latex/graphics/graphicx.sty
Package: graphicx 1999/02/16 v1.0f Enhanced LaTeX Graphics (DPC,SPQR)

(/usr/share/texmf-texlive/tex/latex/graphics/keyval.sty
Package: keyval 1999/03/16 v1.13 key=value parser (DPC)
\KV@toks@=\toks23
)
(/usr/share/texmf-texlive/tex/latex/graphics/graphics.sty
Package: graphics 2009/02/05 v1.0o Standard LaTeX Graphics (DPC,SPQR)

(/usr/share/texmf-texlive/tex/latex/graphics/trig.sty
Package: trig 1999/03/16 v1.09 sin cos tan (DPC)
)
(/etc/texmf/tex/latex/config/graphics.cfg
File: graphics.cfg 2009/08/28 v1.8 graphics configuration of TeX Live
)
Package graphics Info: Driver file: pdftex.def on input line 91.

(/usr/share/texmf-texlive/tex/latex/pdftex-def/pdftex.def
File: pdftex.def 2010/03/12 v0.04p Graphics/color for pdfTeX
\Gread@gobject=\count100
))
\Gin@req@height=\dimen112
\Gin@req@width=\dimen113
)
(/usr/share/texmf-texlive/tex/latex/tools/hhline.sty
Package: hhline 1994/05/23 v2.03 Table rule package (DPC)
) (./Atlantic_report.aux)
\openout1 = `Atlantic_report.aux'.

LaTeX Font Info:    Checking defaults for OML/cmm/m/it on input line 13.
LaTeX Font Info:    ... okay on input line 13.
LaTeX Font Info:    Checking defaults for T1/cmr/m/n on input line 13.
LaTeX Font Info:    ... okay on input line 13.
LaTeX Font Info:    Checking defaults for OT1/cmr/m/n on input line 13.
LaTeX Font Info:    ... okay on input line 13.
LaTeX Font Info:    Checking defaults for OMS/cmsy/m/n on input line 13.
LaTeX Font Info:    ... okay on input line 13.
LaTeX Font Info:    Checking defaults for OMX/cmex/m/n on input line 13.
LaTeX Font Info:    ... okay on input line 13.
LaTeX Font Info:    Checking defaults for U/cmr/m/n on input line 13.
LaTeX Font Info:    ... okay on input line 13.

(/usr/share/texmf-texlive/tex/context/base/supp-pdf.mkii
[Loading MPS to PDF converter (version 2006.09.02).]
\scratchcounter=\count101
\scratchdimen=\dimen114
\scratchbox=\box30
\nofMPsegments=\count102
\nofMParguments=\count103
\everyMPshowfont=\toks24
\MPscratchCnt=\count104
\MPscratchDim=\dimen115
\MPnumerator=\count105
\everyMPtoPDFconversion=\toks25
) [1

{/var/lib/texmf/fonts/map/pdftex/updmap/pdftex.map}]
LaTeX Font Info:    Try loading font information for U+msa on input line 31.

(/usr/share/texmf-texlive/tex/latex/amsfonts/umsa.fd
File: umsa.fd 2009/06/22 v3.00 AMS symbols A
)
LaTeX Font Info:    Try loading font information for U+msb on input line 31.

(/usr/share/texmf-texlive/tex/latex/amsfonts/umsb.fd
File: umsb.fd 2009/06/22 v3.00 AMS symbols B
)
Overfull \hbox (82.81808pt too wide) in paragraph at lines 31--48
 [] 
 []

[2]
</home/thesser1/ATL/Bathy/Level2/ATL_L2_15m.png, id=15, 391.864pt x 324.412pt>
File: /home/thesser1/ATL/Bathy/Level2/ATL_L2_15m.png Graphic file (type png)

<use /home/thesser1/ATL/Bathy/Level2/ATL_L2_15m.png>
Overfull \hbox (1.86304pt too wide) in paragraph at lines 102--103
 [][] 
 []

[3] [4 </home/thesser1/ATL/Bathy/Level2/ATL_L2_15m.png>] [5]
</home/thesser1/ATL/Bathy/Level3N/ATL_L3N_6m.png, id=27, 400.697pt x 324.412pt>
File: /home/thesser1/ATL/Bathy/Level3N/ATL_L3N_6m.png Graphic file (type png)
<use /home/thesser1/ATL/Bathy/Level3N/ATL_L3N_6m.png>
Overfull \hbox (10.69603pt too wide) in paragraph at lines 121--122
 [][] 
 []


</home/thesser1/ATL/Bathy/Level3N/ATL_L3N_3m.png, id=28, 400.697pt x 324.412pt>
File: /home/thesser1/ATL/Bathy/Level3N/ATL_L3N_3m.png Graphic file (type png)
<use /home/thesser1/ATL/Bathy/Level3N/ATL_L3N_3m.png>
Overfull \hbox (10.69603pt too wide) in paragraph at lines 128--129
 [][] 
 []

[6 </home/thesser1/ATL/Bathy/Level3N/ATL_L3N_6m.png>] [7 </home/thesser1/ATL/Ba
thy/Level3N/ATL_L3N_3m.png>]
</home/thesser1/ATL/Bathy/Level3C/ATL_L3C_6m.png, id=38, 391.864pt x 324.412pt>
File: /home/thesser1/ATL/Bathy/Level3C/ATL_L3C_6m.png Graphic file (type png)
<use /home/thesser1/ATL/Bathy/Level3C/ATL_L3C_6m.png>
Overfull \hbox (1.86304pt too wide) in paragraph at lines 148--149
 [][] 
 []


</home/thesser1/ATL/Bathy/Level3C/ATL_L3C_3m.png, id=39, 391.864pt x 324.412pt>
File: /home/thesser1/ATL/Bathy/Level3C/ATL_L3C_3m.png Graphic file (type png)
<use /home/thesser1/ATL/Bathy/Level3C/ATL_L3C_3m.png>
Overfull \hbox (1.86304pt too wide) in paragraph at lines 155--156
 [][] 
 []

[8 </home/thesser1/ATL/Bathy/Level3C/ATL_L3C_6m.png>] [9 </home/thesser1/ATL/Ba
thy/Level3C/ATL_L3C_3m.png>]
</home/thesser1/ATL/Bathy/Level3S1/ATL_L3S1_6m.png, id=48, 400.697pt x 324.412p
t>
File: /home/thesser1/ATL/Bathy/Level3S1/ATL_L3S1_6m.png Graphic file (type png)

 <use /home/thesser1/ATL/Bathy/Level3S1/ATL_L3S1_6m.png>
Overfull \hbox (10.69603pt too wide) in paragraph at lines 172--173
 [][] 
 []


</home/thesser1/ATL/Bathy/Level3S1/ATL_L3S1_3m.png, id=49, 400.697pt x 324.412p
t>
File: /home/thesser1/ATL/Bathy/Level3S1/ATL_L3S1_3m.png Graphic file (type png)

 <use /home/thesser1/ATL/Bathy/Level3S1/ATL_L3S1_3m.png>
Overfull \hbox (10.69603pt too wide) in paragraph at lines 179--180
 [][] 
 []

[10 </home/thesser1/ATL/Bathy/Level3S1/ATL_L3S1_6m.png>] [11 </home/thesser1/AT
L/Bathy/Level3S1/ATL_L3S1_3m.png>]
</home/thesser1/ATL/Bathy/Level3S2/ATL_L3S2_6m.png, id=58, 400.697pt x 324.412p
t>
File: /home/thesser1/ATL/Bathy/Level3S2/ATL_L3S2_6m.png Graphic file (type png)

 <use /home/thesser1/ATL/Bathy/Level3S2/ATL_L3S2_6m.png>
Overfull \hbox (10.69603pt too wide) in paragraph at lines 195--196
 [][] 
 []


</home/thesser1/ATL/Bathy/Level3S2/ATL_L3S2_3m.png, id=59, 400.697pt x 324.412p
t>
File: /home/thesser1/ATL/Bathy/Level3S2/ATL_L3S2_3m.png Graphic file (type png)

 <use /home/thesser1/ATL/Bathy/Level3S2/ATL_L3S2_3m.png>
Overfull \hbox (10.69603pt too wide) in paragraph at lines 202--203
 [][] 
 []

[12 </home/thesser1/ATL/Bathy/Level3S2/ATL_L3S2_6m.png>] [13 </home/thesser1/AT
L/Bathy/Level3S2/ATL_L3S2_3m.png>] (./Atlantic_report.aux) ) 
Here is how much of TeX's memory you used:
 1971 strings out of 495061
 25129 string characters out of 1182622
 82247 words of memory out of 3000000
 5134 multiletter control sequences out of 15000+50000
 9803 words of font info for 37 fonts, out of 3000000 for 9000
 28 hyphenation exceptions out of 8191
 27i,9n,22p,687b,276s stack positions out of 5000i,500n,10000p,200000b,50000s
</usr/share/texmf-t
exlive/fonts/type1/public/amsfonts/cm/cmbx12.pfb></usr/share/texmf-texlive/font
s/type1/public/amsfonts/cm/cmmi12.pfb></usr/share/texmf-texlive/fonts/type1/pub
lic/amsfonts/cm/cmmi8.pfb></usr/share/texmf-texlive/fonts/type1/public/amsfonts
/cm/cmr12.pfb></usr/share/texmf-texlive/fonts/type1/public/amsfonts/cm/cmr8.pfb
></usr/share/texmf-texlive/fonts/type1/public/amsfonts/cm/cmsy10.pfb></usr/shar
e/texmf-texlive/fonts/type1/public/amsfonts/cm/cmsy8.pfb>
Output written on Atlantic_report.pdf (13 pages, 487426 bytes).
PDF statistics:
 92 PDF objects out of 1000 (max. 8388607)
 0 named destinations out of 1000 (max. 500000)
 46 words of extra memory for PDF output out of 10000 (max. 10000000)

