This is pdfTeX, Version 3.1415926-1.40.10 (TeX Live 2009/Debian) (format=pdflatex 2013.3.9)  18 NOV 2013 13:20
entering extended mode
 %&-line parsing enabled.
**WIS_ATL_hindcast.tex
(./WIS_ATL_hindcast.tex
LaTeX2e <2009/09/24>
Babel <v3.8l> and hyphenation patterns for english, usenglishmax, dumylang, noh
yphenation, loaded.
(/usr/share/texmf-texlive/tex/latex/base/article.cls
Document Class: article 2007/10/19 v1.4h Standard LaTeX document class
(/usr/share/texmf-texlive/tex/latex/base/size12.clo
File: size12.clo 2007/10/19 v1.4h Standard LaTeX file (size option)
)
\c@part=\count79
\c@section=\count80
\c@subsection=\count81
\c@subsubsection=\count82
\c@paragraph=\count83
\c@subparagraph=\count84
\c@figure=\count85
\c@table=\count86
\abovecaptionskip=\skip41
\belowcaptionskip=\skip42
\bibindent=\dimen102
)
(/usr/share/texmf-texlive/tex/latex/base/inputenc.sty
Package: inputenc 2008/03/30 v1.1d Input encoding file
\inpenc@prehook=\toks14
\inpenc@posthook=\toks15

(/usr/share/texmf-texlive/tex/latex/base/latin1.def
File: latin1.def 2008/03/30 v1.1d Input encoding file
))
(/usr/share/texmf-texlive/tex/latex/float/float.sty
Package: float 2001/11/08 v1.3d Float enhancements (AL)
\c@float@type=\count87
\float@exts=\toks16
\float@box=\box26
\@float@everytoks=\toks17
\@floatcapt=\box27
)
(/usr/share/texmf-texlive/tex/latex/amsmath/amsmath.sty
Package: amsmath 2000/07/18 v2.13 AMS math features
\@mathmargin=\skip43

For additional information on amsmath, use the `?' option.
(/usr/share/texmf-texlive/tex/latex/amsmath/amstext.sty
Package: amstext 2000/06/29 v2.01

(/usr/share/texmf-texlive/tex/latex/amsmath/amsgen.sty
File: amsgen.sty 1999/11/30 v2.0
\@emptytoks=\toks18
\ex@=\dimen103
))
(/usr/share/texmf-texlive/tex/latex/amsmath/amsbsy.sty
Package: amsbsy 1999/11/29 v1.2d
\pmbraise@=\dimen104
)
(/usr/share/texmf-texlive/tex/latex/amsmath/amsopn.sty
Package: amsopn 1999/12/14 v2.01 operator names
)
\inf@bad=\count88
LaTeX Info: Redefining \frac on input line 211.
\uproot@=\count89
\leftroot@=\count90
LaTeX Info: Redefining \overline on input line 307.
\classnum@=\count91
\DOTSCASE@=\count92
LaTeX Info: Redefining \ldots on input line 379.
LaTeX Info: Redefining \dots on input line 382.
LaTeX Info: Redefining \cdots on input line 467.
\Mathstrutbox@=\box28
\strutbox@=\box29
\big@size=\dimen105
LaTeX Font Info:    Redeclaring font encoding OML on input line 567.
LaTeX Font Info:    Redeclaring font encoding OMS on input line 568.
\macc@depth=\count93
\c@MaxMatrixCols=\count94
\dotsspace@=\muskip10
\c@parentequation=\count95
\dspbrk@lvl=\count96
\tag@help=\toks19
\row@=\count97
\column@=\count98
\maxfields@=\count99
\andhelp@=\toks20
\eqnshift@=\dimen106
\alignsep@=\dimen107
\tagshift@=\dimen108
\tagwidth@=\dimen109
\totwidth@=\dimen110
\lineht@=\dimen111
\@envbody=\toks21
\multlinegap=\skip44
\multlinetaggap=\skip45
\mathdisplay@stack=\toks22
LaTeX Info: Redefining \[ on input line 2666.
LaTeX Info: Redefining \] on input line 2667.
)
(/usr/share/texmf-texlive/tex/latex/amsfonts/amsfonts.sty
Package: amsfonts 2009/06/22 v3.00 Basic AMSFonts support
\symAMSa=\mathgroup4
\symAMSb=\mathgroup5
LaTeX Font Info:    Overwriting math alphabet `\mathfrak' in version `bold'
(Font)                  U/euf/m/n --> U/euf/b/n on input line 96.
)
(/usr/share/texmf-texlive/tex/latex/amsfonts/amssymb.sty
Package: amssymb 2009/06/22 v3.00
)
(/usr/share/texmf-texlive/tex/latex/graphics/graphicx.sty
Package: graphicx 1999/02/16 v1.0f Enhanced LaTeX Graphics (DPC,SPQR)

(/usr/share/texmf-texlive/tex/latex/graphics/keyval.sty
Package: keyval 1999/03/16 v1.13 key=value parser (DPC)
\KV@toks@=\toks23
)
(/usr/share/texmf-texlive/tex/latex/graphics/graphics.sty
Package: graphics 2009/02/05 v1.0o Standard LaTeX Graphics (DPC,SPQR)

(/usr/share/texmf-texlive/tex/latex/graphics/trig.sty
Package: trig 1999/03/16 v1.09 sin cos tan (DPC)
)
(/etc/texmf/tex/latex/config/graphics.cfg
File: graphics.cfg 2009/08/28 v1.8 graphics configuration of TeX Live
)
Package graphics Info: Driver file: pdftex.def on input line 91.

(/usr/share/texmf-texlive/tex/latex/pdftex-def/pdftex.def
File: pdftex.def 2010/03/12 v0.04p Graphics/color for pdfTeX
\Gread@gobject=\count100
))
\Gin@req@height=\dimen112
\Gin@req@width=\dimen113
)
(./WIS_ATL_hindcast.aux)
\openout1 = `WIS_ATL_hindcast.aux'.

LaTeX Font Info:    Checking defaults for OML/cmm/m/it on input line 8.
LaTeX Font Info:    ... okay on input line 8.
LaTeX Font Info:    Checking defaults for T1/cmr/m/n on input line 8.
LaTeX Font Info:    ... okay on input line 8.
LaTeX Font Info:    Checking defaults for OT1/cmr/m/n on input line 8.
LaTeX Font Info:    ... okay on input line 8.
LaTeX Font Info:    Checking defaults for OMS/cmsy/m/n on input line 8.
LaTeX Font Info:    ... okay on input line 8.
LaTeX Font Info:    Checking defaults for OMX/cmex/m/n on input line 8.
LaTeX Font Info:    ... okay on input line 8.
LaTeX Font Info:    Checking defaults for U/cmr/m/n on input line 8.
LaTeX Font Info:    ... okay on input line 8.

(/usr/share/texmf-texlive/tex/context/base/supp-pdf.mkii
[Loading MPS to PDF converter (version 2006.09.02).]
\scratchcounter=\count101
\scratchdimen=\dimen114
\scratchbox=\box30
\nofMPsegments=\count102
\nofMParguments=\count103
\everyMPshowfont=\toks24
\MPscratchCnt=\count104
\MPscratchDim=\dimen115
\MPnumerator=\count105
\everyMPtoPDFconversion=\toks25
) (./atl_1993.tex [1

{/var/lib/texmf/fonts/map/pdftex/updmap/pdftex.map}]
[2] [3] [4] [5] [6] [7]
Overfull \hbox (3.07243pt too wide) in paragraph at lines 440--441
\OT1/cmr/m/n/12 estimation most peak wave heights, es-pe-cially at the north-
 []

[8] [9] [10] [11] [12] [13] [14] [15] [16]
Overfull \hbox (10.84041pt too wide) in paragraph at lines 895--896
[]\OT1/cmr/m/n/12 - 44005 - neg-a-tive bias ex-cept peak on 29th (over-estimati
on) 
 []

[17] [18]
<1993/level1/ATL-level1-WW3-ST4-stats-cont2-wvht-199301-199312.png, id=60, 578.
16pt x 759.3168pt>
File: 1993/level1/ATL-level1-WW3-ST4-stats-cont2-wvht-199301-199312.png Graphic
 file (type png)

<use 1993/level1/ATL-level1-WW3-ST4-stats-cont2-wvht-199301-199312.png>
[19]
<1993/level1/ATL-level1-WW3-ST4-stats-cont3-wvht-199301-199312.png, id=65, 578.
16pt x 759.3168pt>
File: 1993/level1/ATL-level1-WW3-ST4-stats-cont3-wvht-199301-199312.png Graphic
 file (type png)

<use 1993/level1/ATL-level1-WW3-ST4-stats-cont3-wvht-199301-199312.png>
[20 <./1993/level1/ATL-level1-WW3-ST4-stats-cont2-wvht-199301-199312.png (PNG c
opy)>]
<1993/level1/ATL-level1-WW3-ST4-stats-cont4-wvht-199301-199312.png, id=69, 578.
16pt x 759.3168pt>
File: 1993/level1/ATL-level1-WW3-ST4-stats-cont4-wvht-199301-199312.png Graphic
 file (type png)

<use 1993/level1/ATL-level1-WW3-ST4-stats-cont4-wvht-199301-199312.png>
[21 <./1993/level1/ATL-level1-WW3-ST4-stats-cont3-wvht-199301-199312.png (PNG c
opy)>] [22 <./1993/level1/ATL-level1-WW3-ST4-stats-cont4-wvht-199301-199312.png
 (PNG copy)>]
<1993/level2/ATL-level2-WW3-ST4-stats-cont2-wvht-199301-199312.png, id=76, 578.
16pt x 759.3168pt>
File: 1993/level2/ATL-level2-WW3-ST4-stats-cont2-wvht-199301-199312.png Graphic
 file (type png)

<use 1993/level2/ATL-level2-WW3-ST4-stats-cont2-wvht-199301-199312.png>
<1993/level2/ATL-level2-WW3-ST4-stats-cont3-wvht-199301-199312.png, id=77, 578.
16pt x 759.3168pt>
File: 1993/level2/ATL-level2-WW3-ST4-stats-cont3-wvht-199301-199312.png Graphic
 file (type png)

<use 1993/level2/ATL-level2-WW3-ST4-stats-cont3-wvht-199301-199312.png>
[23 <./1993/level2/ATL-level2-WW3-ST4-stats-cont2-wvht-199301-199312.png (PNG c
opy)>]
<1993/level2/ATL-level2-WW3-ST4-stats-cont4-wvht-199301-199312.png, id=81, 578.
16pt x 759.3168pt>
File: 1993/level2/ATL-level2-WW3-ST4-stats-cont4-wvht-199301-199312.png Graphic
 file (type png)

<use 1993/level2/ATL-level2-WW3-ST4-stats-cont4-wvht-199301-199312.png>
[24 <./1993/level2/ATL-level2-WW3-ST4-stats-cont3-wvht-199301-199312.png (PNG c
opy)>]
<1993/level2/ATL-level2-WW3-ST4-stats-cont5-wvht-199301-199312.png, id=85, 578.
16pt x 759.3168pt>
File: 1993/level2/ATL-level2-WW3-ST4-stats-cont5-wvht-199301-199312.png Graphic
 file (type png)

<use 1993/level2/ATL-level2-WW3-ST4-stats-cont5-wvht-199301-199312.png>
[25 <./1993/level2/ATL-level2-WW3-ST4-stats-cont4-wvht-199301-199312.png (PNG c
opy)>] [26 <./1993/level2/ATL-level2-WW3-ST4-stats-cont5-wvht-199301-199312.png
 (PNG copy)>]
<1993/level3N/ATL-level3N-WW3-ST4-stats-cont1-wvht-199301-199312.png, id=93, 57
8.16pt x 759.3168pt>
File: 1993/level3N/ATL-level3N-WW3-ST4-stats-cont1-wvht-199301-199312.png Graph
ic file (type png)

<use 1993/level3N/ATL-level3N-WW3-ST4-stats-cont1-wvht-199301-199312.png>
[27 <./1993/level3N/ATL-level3N-WW3-ST4-stats-cont1-wvht-199301-199312.png (PNG
 copy)>]
<1993/level3C/ATL-level3C-WW3-ST4-stats-cont1-wvht-199301-199312.png, id=97, 57
8.16pt x 759.3168pt>
File: 1993/level3C/ATL-level3C-WW3-ST4-stats-cont1-wvht-199301-199312.png Graph
ic file (type png)

<use 1993/level3C/ATL-level3C-WW3-ST4-stats-cont1-wvht-199301-199312.png>
<1993/level3C/ATL-level3C-WW3-ST4-stats-cont2-wvht-199301-199312.png, id=98, 57
8.16pt x 759.3168pt>
File: 1993/level3C/ATL-level3C-WW3-ST4-stats-cont2-wvht-199301-199312.png Graph
ic file (type png)

<use 1993/level3C/ATL-level3C-WW3-ST4-stats-cont2-wvht-199301-199312.png>
[28 <./1993/level3C/ATL-level3C-WW3-ST4-stats-cont1-wvht-199301-199312.png (PNG
 copy)>] [29 <./1993/level3C/ATL-level3C-WW3-ST4-stats-cont2-wvht-199301-199312
.png (PNG copy)>]
<1993/level3S1/ATL-level3S1-WW3-ST4-stats-cont1-wvht-199301-199312.png, id=105,
 578.16pt x 759.3168pt>
File: 1993/level3S1/ATL-level3S1-WW3-ST4-stats-cont1-wvht-199301-199312.png Gra
phic file (type png)

<use 1993/level3S1/ATL-level3S1-WW3-ST4-stats-cont1-wvht-199301-199312.png>
[30 <./1993/level3S1/ATL-level3S1-WW3-ST4-stats-cont1-wvht-199301-199312.png (P
NG copy)>]
<1993/level3S2/ATL-level3S2-WW3-ST4-stats-cont1-wvht-199301-199312.png, id=109,
 578.16pt x 759.3168pt>
File: 1993/level3S2/ATL-level3S2-WW3-ST4-stats-cont1-wvht-199301-199312.png Gra
phic file (type png)

<use 1993/level3S2/ATL-level3S2-WW3-ST4-stats-cont1-wvht-199301-199312.png>)
[31 <./1993/level3S2/ATL-level3S2-WW3-ST4-stats-cont1-wvht-199301-199312.png (P
NG copy)>] (./WIS_ATL_hindcast.aux)

LaTeX Warning: Label(s) may have changed. Rerun to get cross-references right.

 ) 
Here is how much of TeX's memory you used:
 1927 strings out of 495061
 26303 string characters out of 1182622
 78053 words of memory out of 3000000
 5107 multiletter control sequences out of 15000+50000
 4850 words of font info for 18 fonts, out of 3000000 for 9000
 28 hyphenation exceptions out of 8191
 27i,6n,22p,381b,378s stack positions out of 5000i,500n,10000p,200000b,50000s
</usr/share/texmf-texlive/fonts/type1/public/amsfonts/cm/cmbx12.pfb></usr/sha
re/texmf-texlive/fonts/type1/public/amsfonts/cm/cmr12.pfb>
Output written on WIS_ATL_hindcast.pdf (31 pages, 665877 bytes).
PDF statistics:
 122 PDF objects out of 1000 (max. 8388607)
 0 named destinations out of 1000 (max. 500000)
 61 words of extra memory for PDF output out of 10000 (max. 10000000)

